E, [2019-02-06T19:24:07.656374 #7954] ERROR -- Kitchen: ------Exception-------
E, [2019-02-06T19:24:07.656421 #7954] ERROR -- Kitchen: Class: Kitchen::UserError
E, [2019-02-06T19:24:07.656436 #7954] ERROR -- Kitchen: Message: Kitchen YAML file /home/distribuidos/edier/sd2019a-workshop1/cookbooks/.kitchen.yml does not exist.
E, [2019-02-06T19:24:07.656446 #7954] ERROR -- Kitchen: ----------------------
E, [2019-02-06T19:24:07.656455 #7954] ERROR -- Kitchen: ------Backtrace-------
E, [2019-02-06T19:24:07.656463 #7954] ERROR -- Kitchen: /opt/chefdk/embedded/lib/ruby/gems/2.5.0/gems/test-kitchen-1.23.2/lib/kitchen/loader/yaml.rb:65:in `read'
E, [2019-02-06T19:24:07.656472 #7954] ERROR -- Kitchen: /opt/chefdk/embedded/lib/ruby/gems/2.5.0/gems/test-kitchen-1.23.2/lib/kitchen/config.rb:152:in `data'
E, [2019-02-06T19:24:07.656491 #7954] ERROR -- Kitchen: /opt/chefdk/embedded/lib/ruby/gems/2.5.0/gems/test-kitchen-1.23.2/lib/kitchen/config.rb:131:in `suites'
E, [2019-02-06T19:24:07.656500 #7954] ERROR -- Kitchen: /opt/chefdk/embedded/lib/ruby/gems/2.5.0/gems/test-kitchen-1.23.2/lib/kitchen/config.rb:182:in `filter_instances'
E, [2019-02-06T19:24:07.656508 #7954] ERROR -- Kitchen: /opt/chefdk/embedded/lib/ruby/gems/2.5.0/gems/test-kitchen-1.23.2/lib/kitchen/config.rb:141:in `build_instances'
E, [2019-02-06T19:24:07.656517 #7954] ERROR -- Kitchen: /opt/chefdk/embedded/lib/ruby/gems/2.5.0/gems/test-kitchen-1.23.2/lib/kitchen/config.rb:117:in `instances'
E, [2019-02-06T19:24:07.656525 #7954] ERROR -- Kitchen: /opt/chefdk/embedded/lib/ruby/gems/2.5.0/gems/test-kitchen-1.23.2/lib/kitchen/command.rb:112:in `filtered_instances'
E, [2019-02-06T19:24:07.656543 #7954] ERROR -- Kitchen: /opt/chefdk/embedded/lib/ruby/gems/2.5.0/gems/test-kitchen-1.23.2/lib/kitchen/command.rb:142:in `parse_subcommand'
E, [2019-02-06T19:24:07.656551 #7954] ERROR -- Kitchen: /opt/chefdk/embedded/lib/ruby/gems/2.5.0/gems/test-kitchen-1.23.2/lib/kitchen/command/list.rb:30:in `call'
E, [2019-02-06T19:24:07.656559 #7954] ERROR -- Kitchen: /opt/chefdk/embedded/lib/ruby/gems/2.5.0/gems/test-kitchen-1.23.2/lib/kitchen/cli.rb:52:in `perform'
E, [2019-02-06T19:24:07.656577 #7954] ERROR -- Kitchen: /opt/chefdk/embedded/lib/ruby/gems/2.5.0/gems/test-kitchen-1.23.2/lib/kitchen/cli.rb:120:in `list'
E, [2019-02-06T19:24:07.656585 #7954] ERROR -- Kitchen: /opt/chefdk/embedded/lib/ruby/gems/2.5.0/gems/thor-0.20.0/lib/thor/command.rb:27:in `run'
E, [2019-02-06T19:24:07.656593 #7954] ERROR -- Kitchen: /opt/chefdk/embedded/lib/ruby/gems/2.5.0/gems/thor-0.20.0/lib/thor/invocation.rb:126:in `invoke_command'
E, [2019-02-06T19:24:07.656601 #7954] ERROR -- Kitchen: /opt/chefdk/embedded/lib/ruby/gems/2.5.0/gems/thor-0.20.0/lib/thor.rb:387:in `dispatch'
E, [2019-02-06T19:24:07.656609 #7954] ERROR -- Kitchen: /opt/chefdk/embedded/lib/ruby/gems/2.5.0/gems/thor-0.20.0/lib/thor/base.rb:466:in `start'
E, [2019-02-06T19:24:07.656617 #7954] ERROR -- Kitchen: /opt/chefdk/embedded/lib/ruby/gems/2.5.0/gems/test-kitchen-1.23.2/bin/kitchen:13:in `block in <top (required)>'
E, [2019-02-06T19:24:07.656636 #7954] ERROR -- Kitchen: /opt/chefdk/embedded/lib/ruby/gems/2.5.0/gems/test-kitchen-1.23.2/lib/kitchen/errors.rb:171:in `with_friendly_errors'
E, [2019-02-06T19:24:07.656644 #7954] ERROR -- Kitchen: /opt/chefdk/embedded/lib/ruby/gems/2.5.0/gems/test-kitchen-1.23.2/bin/kitchen:13:in `<top (required)>'
E, [2019-02-06T19:24:07.656652 #7954] ERROR -- Kitchen: /usr/bin/kitchen:292:in `load'
E, [2019-02-06T19:24:07.656660 #7954] ERROR -- Kitchen: /usr/bin/kitchen:292:in `<main>'
E, [2019-02-06T19:24:07.656677 #7954] ERROR -- Kitchen: ----End Backtrace-----
